# JRE version: OpenJDK Runtime Environment (11.0.10) (build 11.0.10+0-b96-7249189)
# Java VM: OpenJDK 64-Bit Server VM (11.0.10+0-b96-7249189, mixed mode, tiered, compressed oops, g1 gc, windows-amd64)
Heap:
 garbage-first heap   total 129024K, used 82049K [0x0000000080000000, 0x0000000100000000)
  region size 1024K, 31 young (31744K), 4 survivors (4096K)
 Metaspace       used 74571K, capacity 76316K, committed 76492K, reserved 1116160K
  class space    used 9706K, capacity 10333K, committed 10444K, reserved 1048576K
GC Heap History (20 events):
Event: 20.862 GC heap before
{Heap before GC invocations=6 (full 0):
 garbage-first heap   total 129024K, used 74759K [0x0000000080000000, 0x0000000100000000)
  region size 1024K, 58 young (59392K), 3 survivors (3072K)
 Metaspace       used 34423K, capacity 35222K, committed 35328K, reserved 1079296K
  class space    used 4468K, capacity 4768K, committed 4864K, reserved 1048576K
}
Event: 20.868 GC heap after
{Heap after GC invocations=7 (full 0):
 garbage-first heap   total 129024K, used 22015K [0x0000000080000000, 0x0000000100000000)
  region size 1024K, 6 young (6144K), 6 survivors (6144K)
 Metaspace       used 34423K, capacity 35222K, committed 35328K, reserved 1079296K
  class space    used 4468K, capacity 4768K, committed 4864K, reserved 1048576K
}
Event: 20.940 GC heap before
{Heap before GC invocations=7 (full 0):
 garbage-first heap   total 129024K, used 25087K [0x0000000080000000, 0x0000000100000000)
  region size 1024K, 10 young (10240K), 6 survivors (6144K)
 Metaspace       used 35043K, capacity 35830K, committed 35840K, reserved 1081344K
  class space    used 4538K, capacity 4864K, committed 4864K, reserved 1048576K
}
Event: 20.951 GC heap after
{Heap after GC invocations=8 (full 0):
 garbage-first heap   total 129024K, used 22297K [0x0000000080000000, 0x0000000100000000)
  region size 1024K, 4 young (4096K), 4 survivors (4096K)
 Metaspace       used 35043K, capacity 35830K, committed 35840K, reserved 1081344K
  class space    used 4538K, capacity 4864K, committed 4864K, reserved 1048576K
}
Event: 21.657 GC heap before
{Heap before GC invocations=9 (full 0):
 garbage-first heap   total 129024K, used 72473K [0x0000000080000000, 0x0000000100000000)
  region size 1024K, 51 young (52224K), 4 survivors (4096K)
 Metaspace       used 38638K, capacity 39567K, committed 39884K, reserved 1083392K
  class space    used 4922K, capacity 5251K, committed 5324K, reserved 1048576K
}
Event: 21.666 GC heap after
{Heap after GC invocations=10 (full 0):
 garbage-first heap   total 129024K, used 26067K [0x0000000080000000, 0x0000000100000000)
  region size 1024K, 7 young (7168K), 7 survivors (7168K)
 Metaspace       used 38638K, capacity 39567K, committed 39884K, reserved 1083392K
  class space    used 4922K, capacity 5251K, committed 5324K, reserved 1048576K
}
Event: 22.387 GC heap before
{Heap before GC invocations=10 (full 0):
 garbage-first heap   total 129024K, used 76243K [0x0000000080000000, 0x0000000100000000)
  region size 1024K, 56 young (57344K), 7 survivors (7168K)
 Metaspace       used 43074K, capacity 44155K, committed 44364K, reserved 1087488K
  class space    used 5495K, capacity 5856K, committed 5964K, reserved 1048576K
}
Event: 22.397 GC heap after
{Heap after GC invocations=11 (full 0):
 garbage-first heap   total 129024K, used 28346K [0x0000000080000000, 0x0000000100000000)
  region size 1024K, 6 young (6144K), 6 survivors (6144K)
 Metaspace       used 43074K, capacity 44155K, committed 44364K, reserved 1087488K
  class space    used 5495K, capacity 5856K, committed 5964K, reserved 1048576K
}
Event: 23.204 GC heap before
{Heap before GC invocations=11 (full 0):
 garbage-first heap   total 129024K, used 80570K [0x0000000080000000, 0x0000000100000000)
  region size 1024K, 57 young (58368K), 6 survivors (6144K)
 Metaspace       used 46631K, capacity 47867K, committed 47948K, reserved 1091584K
  class space    used 5977K, capacity 6433K, committed 6476K, reserved 1048576K
}
Event: 23.212 GC heap after
{Heap after GC invocations=12 (full 0):
 garbage-first heap   total 129024K, used 30768K [0x0000000080000000, 0x0000000100000000)
  region size 1024K, 5 young (5120K), 5 survivors (5120K)
 Metaspace       used 46631K, capacity 47867K, committed 47948K, reserved 1091584K
  class space    used 5977K, capacity 6433K, committed 6476K, reserved 1048576K
}
Event: 44.504 GC heap before
{Heap before GC invocations=12 (full 0):
 garbage-first heap   total 129024K, used 87088K [0x0000000080000000, 0x0000000100000000)
  region size 1024K, 57 young (58368K), 5 survivors (5120K)
 Metaspace       used 50798K, capacity 52214K, committed 52300K, reserved 1095680K
  class space    used 6481K, capacity 6948K, committed 6988K, reserved 1048576K
}
Event: 44.515 GC heap after
{Heap after GC invocations=13 (full 0):
 garbage-first heap   total 129024K, used 41366K [0x0000000080000000, 0x0000000100000000)
  region size 1024K, 8 young (8192K), 8 survivors (8192K)
 Metaspace       used 50798K, capacity 52214K, committed 52300K, reserved 1095680K
  class space    used 6481K, capacity 6948K, committed 6988K, reserved 1048576K
}
Event: 46.125 GC heap before
{Heap before GC invocations=13 (full 0):
 garbage-first heap   total 129024K, used 88470K [0x0000000080000000, 0x0000000100000000)
  region size 1024K, 55 young (56320K), 8 survivors (8192K)
 Metaspace       used 58654K, capacity 60112K, committed 60236K, reserved 1101824K
  class space    used 7403K, capacity 7936K, committed 8012K, reserved 1048576K
}
Event: 46.149 GC heap after
{Heap after GC invocations=14 (full 0):
 garbage-first heap   total 129024K, used 44415K [0x0000000080000000, 0x0000000100000000)
  region size 1024K, 3 young (3072K), 3 survivors (3072K)
 Metaspace       used 58654K, capacity 60112K, committed 60236K, reserved 1101824K
  class space    used 7403K, capacity 7936K, committed 8012K, reserved 1048576K
}
Event: 47.497 GC heap before
{Heap before GC invocations=15 (full 0):
 garbage-first heap   total 129024K, used 92543K [0x0000000080000000, 0x0000000100000000)
  region size 1024K, 51 young (52224K), 3 survivors (3072K)
 Metaspace       used 63465K, capacity 64957K, committed 65228K, reserved 1105920K
  class space    used 8012K, capacity 8581K, committed 8652K, reserved 1048576K
}
Event: 47.504 GC heap after
{Heap after GC invocations=16 (full 0):
 garbage-first heap   total 129024K, used 48385K [0x0000000080000000, 0x0000000100000000)
  region size 1024K, 7 young (7168K), 7 survivors (7168K)
 Metaspace       used 63465K, capacity 64957K, committed 65228K, reserved 1105920K
  class space    used 8012K, capacity 8581K, committed 8652K, reserved 1048576K
}
Event: 48.701 GC heap before
{Heap before GC invocations=16 (full 0):
 garbage-first heap   total 129024K, used 97537K [0x0000000080000000, 0x0000000100000000)
  region size 1024K, 54 young (55296K), 7 survivors (7168K)
 Metaspace       used 66528K, capacity 68123K, committed 68172K, reserved 1107968K
  class space    used 8440K, capacity 9012K, committed 9036K, reserved 1048576K
}
Event: 48.710 GC heap after
{Heap after GC invocations=17 (full 0):
 garbage-first heap   total 129024K, used 52669K [0x0000000080000000, 0x0000000100000000)
  region size 1024K, 5 young (5120K), 5 survivors (5120K)
 Metaspace       used 66528K, capacity 68123K, committed 68172K, reserved 1107968K
  class space    used 8440K, capacity 9012K, committed 9036K, reserved 1048576K
}
Event: 49.441 GC heap before
{Heap before GC invocations=17 (full 0):
 garbage-first heap   total 129024K, used 98749K [0x0000000080000000, 0x0000000100000000)
  region size 1024K, 50 young (51200K), 5 survivors (5120K)
 Metaspace       used 71363K, capacity 73100K, committed 73420K, reserved 1112064K
  class space    used 9218K, capacity 9848K, committed 9932K, reserved 1048576K
}
Event: 49.448 GC heap after
{Heap after GC invocations=18 (full 0):
 garbage-first heap   total 129024K, used 55425K [0x0000000080000000, 0x0000000100000000)
  region size 1024K, 4 young (4096K), 4 survivors (4096K)
 Metaspace       used 71363K, capacity 73100K, committed 73420K, reserved 1112064K
  class space    used 9218K, capacity 9848K, committed 9932K, reserved 1048576K
}

